2016.09.20 at 17:21:04 CST INFO  cn.turingmoon.generators.FlowStore 35 lambda$run$0 - Flows Store .. 2184 records
2016.09.20 at 17:21:14 CST INFO  cn.turingmoon.detectors.FlowHeaderDetector 118 lambda$run$0 - Start Flow Header Detection! 
2016.09.20 at 17:21:14 CST INFO  cn.turingmoon.detectors.FlowHeaderDetector 40 pcIsLarge - Packet Count: 24 0.009720535
2016.09.20 at 17:21:14 CST INFO  cn.turingmoon.detectors.FlowHeaderDetector 40 pcIsLarge - Packet Count: 75 0.03037667
2016.09.20 at 17:21:14 CST INFO  cn.turingmoon.detectors.FlowHeaderDetector 40 pcIsLarge - Packet Count: 1 4.0502226E-4
2016.09.20 at 17:21:14 CST INFO  cn.turingmoon.detectors.FlowHeaderDetector 40 pcIsLarge - Packet Count: 1 4.0502226E-4
2016.09.20 at 17:21:14 CST INFO  cn.turingmoon.detectors.FlowHeaderDetector 40 pcIsLarge - Packet Count: 1 4.0502226E-4
2016.09.20 at 17:21:14 CST INFO  cn.turingmoon.detectors.FlowHeaderDetector 40 pcIsLarge - Packet Count: 1 4.0502226E-4
2016.09.20 at 17:21:14 CST INFO  cn.turingmoon.detectors.FlowHeaderDetector 40 pcIsLarge - Packet Count: 1 4.0502226E-4
2016.09.20 at 17:21:14 CST INFO  cn.turingmoon.detectors.FlowHeaderDetector 40 pcIsLarge - Packet Count: 1 4.0502226E-4
2016.09.20 at 17:21:14 CST INFO  cn.turingmoon.detectors.FlowHeaderDetector 40 pcIsLarge - Packet Count: 1 4.0502226E-4
2016.09.20 at 17:21:14 CST INFO  cn.turingmoon.detectors.FlowHeaderDetector 40 pcIsLarge - Packet Count: 1 4.0502226E-4
2016.09.20 at 17:21:14 CST INFO  cn.turingmoon.detectors.FlowHeaderDetector 40 pcIsLarge - Packet Count: 2 8.100445E-4
2016.09.20 at 17:21:14 CST INFO  cn.turingmoon.detectors.FlowHeaderDetector 40 pcIsLarge - Packet Count: 3 0.0012150669
2016.09.20 at 17:21:14 CST INFO  cn.turingmoon.detectors.FlowHeaderDetector 40 pcIsLarge - Packet Count: 3 0.0012150669
2016.09.20 at 17:21:14 CST INFO  cn.turingmoon.detectors.FlowHeaderDetector 40 pcIsLarge - Packet Count: 3 0.0012150669
2016.09.20 at 17:21:14 CST INFO  cn.turingmoon.detectors.FlowHeaderDetector 40 pcIsLarge - Packet Count: 3 0.0012150669
2016.09.20 at 17:21:14 CST INFO  cn.turingmoon.detectors.FlowHeaderDetector 40 pcIsLarge - Packet Count: 2 8.100445E-4
2016.09.20 at 17:21:14 CST INFO  cn.turingmoon.detectors.FlowHeaderDetector 40 pcIsLarge - Packet Count: 1 4.0502226E-4
2016.09.20 at 17:21:14 CST INFO  cn.turingmoon.detectors.FlowHeaderDetector 40 pcIsLarge - Packet Count: 3 0.0012150669
2016.09.20 at 17:21:14 CST INFO  cn.turingmoon.detectors.FlowHeaderDetector 40 pcIsLarge - Packet Count: 1 4.0502226E-4
2016.09.20 at 17:21:14 CST INFO  cn.turingmoon.detectors.FlowHeaderDetector 40 pcIsLarge - Packet Count: 2 8.100445E-4
2016.09.20 at 17:21:14 CST INFO  cn.turingmoon.detectors.FlowHeaderDetector 40 pcIsLarge - Packet Count: 3 0.0012150669
2016.09.20 at 17:21:14 CST INFO  cn.turingmoon.detectors.FlowHeaderDetector 40 pcIsLarge - Packet Count: 1 4.0502226E-4
2016.09.20 at 17:21:14 CST INFO  cn.turingmoon.detectors.FlowHeaderDetector 40 pcIsLarge - Packet Count: 2 8.100445E-4
2016.09.20 at 17:21:14 CST INFO  cn.turingmoon.detectors.FlowHeaderDetector 40 pcIsLarge - Packet Count: 1 4.0502226E-4
2016.09.20 at 17:21:14 CST INFO  cn.turingmoon.detectors.FlowHeaderDetector 40 pcIsLarge - Packet Count: 2 8.100445E-4
2016.09.20 at 17:21:14 CST INFO  cn.turingmoon.detectors.FlowHeaderDetector 40 pcIsLarge - Packet Count: 4 0.001620089
2016.09.20 at 17:21:14 CST INFO  cn.turingmoon.detectors.FlowHeaderDetector 40 pcIsLarge - Packet Count: 2 8.100445E-4
2016.09.20 at 17:21:14 CST INFO  cn.turingmoon.detectors.FlowHeaderDetector 40 pcIsLarge - Packet Count: 2 8.100445E-4
2016.09.20 at 17:21:14 CST INFO  cn.turingmoon.detectors.FlowHeaderDetector 40 pcIsLarge - Packet Count: 2 8.100445E-4
2016.09.20 at 17:21:14 CST INFO  cn.turingmoon.detectors.FlowHeaderDetector 40 pcIsLarge - Packet Count: 2 8.100445E-4
2016.09.20 at 17:21:14 CST INFO  cn.turingmoon.detectors.FlowHeaderDetector 40 pcIsLarge - Packet Count: 2 8.100445E-4
2016.09.20 at 17:21:14 CST INFO  cn.turingmoon.detectors.FlowHeaderDetector 40 pcIsLarge - Packet Count: 2 8.100445E-4
2016.09.20 at 17:21:14 CST INFO  cn.turingmoon.detectors.FlowHeaderDetector 40 pcIsLarge - Packet Count: 2 8.100445E-4
2016.09.20 at 17:21:14 CST INFO  cn.turingmoon.detectors.FlowHeaderDetector 51 percentIsLarge - Packet Size / Packet Num: 552.0
2016.09.20 at 17:21:14 CST INFO  cn.turingmoon.detectors.FlowHeaderDetector 45 fsIsLarge - Flow Size: 4416 0.004604984
2016.09.20 at 17:21:14 CST INFO  cn.turingmoon.detectors.FlowHeaderDetector 40 pcIsLarge - Packet Count: 4 0.001620089
2016.09.20 at 17:21:14 CST INFO  cn.turingmoon.detectors.FlowHeaderDetector 40 pcIsLarge - Packet Count: 2 8.100445E-4
2016.09.20 at 17:21:14 CST INFO  cn.turingmoon.detectors.FlowHeaderDetector 40 pcIsLarge - Packet Count: 8 0.003240178
2016.09.20 at 17:21:14 CST INFO  cn.turingmoon.detectors.FlowHeaderDetector 40 pcIsLarge - Packet Count: 8 0.003240178
2016.09.20 at 17:21:14 CST INFO  cn.turingmoon.detectors.FlowHeaderDetector 40 pcIsLarge - Packet Count: 4 0.001620089
2016.09.20 at 17:21:14 CST INFO  cn.turingmoon.detectors.FlowHeaderDetector 40 pcIsLarge - Packet Count: 4 0.001620089
2016.09.20 at 17:21:14 CST INFO  cn.turingmoon.detectors.FlowHeaderDetector 40 pcIsLarge - Packet Count: 4 0.001620089
2016.09.20 at 17:21:14 CST INFO  cn.turingmoon.detectors.FlowHeaderDetector 40 pcIsLarge - Packet Count: 5 0.0020251113
2016.09.20 at 17:21:14 CST INFO  cn.turingmoon.detectors.FlowHeaderDetector 40 pcIsLarge - Packet Count: 4 0.001620089
2016.09.20 at 17:21:14 CST INFO  cn.turingmoon.detectors.FlowHeaderDetector 40 pcIsLarge - Packet Count: 1 4.0502226E-4
2016.09.20 at 17:21:14 CST INFO  cn.turingmoon.detectors.FlowHeaderDetector 40 pcIsLarge - Packet Count: 1 4.0502226E-4
2016.09.20 at 17:21:14 CST INFO  cn.turingmoon.detectors.FlowHeaderDetector 40 pcIsLarge - Packet Count: 1 4.0502226E-4
2016.09.20 at 17:21:14 CST INFO  cn.turingmoon.detectors.FlowHeaderDetector 40 pcIsLarge - Packet Count: 2 8.100445E-4
2016.09.20 at 17:21:14 CST INFO  cn.turingmoon.detectors.FlowHeaderDetector 40 pcIsLarge - Packet Count: 1 4.0502226E-4
2016.09.20 at 17:21:14 CST INFO  cn.turingmoon.detectors.FlowHeaderDetector 40 pcIsLarge - Packet Count: 1 4.0502226E-4
2016.09.20 at 17:21:14 CST INFO  cn.turingmoon.detectors.FlowHeaderDetector 40 pcIsLarge - Packet Count: 4 0.001620089
2016.09.20 at 17:21:14 CST INFO  cn.turingmoon.detectors.FlowHeaderDetector 40 pcIsLarge - Packet Count: 2 8.100445E-4
2016.09.20 at 17:21:14 CST INFO  cn.turingmoon.detectors.FlowHeaderDetector 40 pcIsLarge - Packet Count: 3 0.0012150669
2016.09.20 at 17:21:14 CST INFO  cn.turingmoon.detectors.FlowHeaderDetector 40 pcIsLarge - Packet Count: 4 0.001620089
2016.09.20 at 17:21:14 CST INFO  cn.turingmoon.detectors.FlowHeaderDetector 40 pcIsLarge - Packet Count: 2 8.100445E-4
2016.09.20 at 17:21:14 CST INFO  cn.turingmoon.detectors.FlowHeaderDetector 40 pcIsLarge - Packet Count: 1 4.0502226E-4
2016.09.20 at 17:21:14 CST INFO  cn.turingmoon.detectors.FlowHeaderDetector 40 pcIsLarge - Packet Count: 3 0.0012150669
2016.09.20 at 17:21:14 CST INFO  cn.turingmoon.detectors.FlowHeaderDetector 40 pcIsLarge - Packet Count: 3 0.0012150669
2016.09.20 at 17:21:14 CST INFO  cn.turingmoon.detectors.FlowHeaderDetector 40 pcIsLarge - Packet Count: 1 4.0502226E-4
2016.09.20 at 17:21:14 CST INFO  cn.turingmoon.detectors.FlowHeaderDetector 40 pcIsLarge - Packet Count: 1 4.0502226E-4
2016.09.20 at 17:21:14 CST INFO  cn.turingmoon.detectors.FlowHeaderDetector 40 pcIsLarge - Packet Count: 3 0.0012150669
2016.09.20 at 17:21:14 CST INFO  cn.turingmoon.detectors.FlowHeaderDetector 40 pcIsLarge - Packet Count: 3 0.0012150669
2016.09.20 at 17:21:14 CST INFO  cn.turingmoon.detectors.FlowHeaderDetector 40 pcIsLarge - Packet Count: 1 4.0502226E-4
2016.09.20 at 17:21:14 CST INFO  cn.turingmoon.detectors.FlowHeaderDetector 40 pcIsLarge - Packet Count: 1 4.0502226E-4
2016.09.20 at 17:21:14 CST INFO  cn.turingmoon.detectors.FlowHeaderDetector 40 pcIsLarge - Packet Count: 9 0.0036452005
2016.09.20 at 17:21:14 CST INFO  cn.turingmoon.detectors.FlowHeaderDetector 40 pcIsLarge - Packet Count: 6 0.0024301338
2016.09.20 at 17:21:14 CST INFO  cn.turingmoon.detectors.FlowHeaderDetector 40 pcIsLarge - Packet Count: 1 4.0502226E-4
2016.09.20 at 17:21:14 CST INFO  cn.turingmoon.detectors.FlowHeaderDetector 40 pcIsLarge - Packet Count: 5 0.0020251113
2016.09.20 at 17:21:14 CST INFO  cn.turingmoon.detectors.FlowHeaderDetector 40 pcIsLarge - Packet Count: 4 0.001620089
2016.09.20 at 17:21:14 CST INFO  cn.turingmoon.detectors.FlowHeaderDetector 40 pcIsLarge - Packet Count: 1 4.0502226E-4
2016.09.20 at 17:21:14 CST INFO  cn.turingmoon.detectors.FlowHeaderDetector 40 pcIsLarge - Packet Count: 7 0.002835156
2016.09.20 at 17:21:14 CST INFO  cn.turingmoon.detectors.FlowHeaderDetector 40 pcIsLarge - Packet Count: 1 4.0502226E-4
2016.09.20 at 17:21:14 CST INFO  cn.turingmoon.detectors.FlowHeaderDetector 40 pcIsLarge - Packet Count: 1 4.0502226E-4
2016.09.20 at 17:21:14 CST INFO  cn.turingmoon.detectors.FlowHeaderDetector 40 pcIsLarge - Packet Count: 4 0.001620089
2016.09.20 at 17:21:14 CST INFO  cn.turingmoon.detectors.FlowHeaderDetector 40 pcIsLarge - Packet Count: 3 0.0012150669
2016.09.20 at 17:21:14 CST INFO  cn.turingmoon.detectors.FlowHeaderDetector 40 pcIsLarge - Packet Count: 3 0.0012150669
2016.09.20 at 17:21:14 CST INFO  cn.turingmoon.detectors.FlowHeaderDetector 40 pcIsLarge - Packet Count: 1 4.0502226E-4
2016.09.20 at 17:21:14 CST INFO  cn.turingmoon.detectors.FlowHeaderDetector 40 pcIsLarge - Packet Count: 3 0.0012150669
2016.09.20 at 17:21:14 CST INFO  cn.turingmoon.detectors.FlowHeaderDetector 40 pcIsLarge - Packet Count: 3 0.0012150669
2016.09.20 at 17:21:14 CST INFO  cn.turingmoon.detectors.FlowHeaderDetector 40 pcIsLarge - Packet Count: 1 4.0502226E-4
2016.09.20 at 17:21:14 CST INFO  cn.turingmoon.detectors.FlowHeaderDetector 40 pcIsLarge - Packet Count: 3 0.0012150669
2016.09.20 at 17:21:14 CST INFO  cn.turingmoon.detectors.FlowHeaderDetector 40 pcIsLarge - Packet Count: 3 0.0012150669
2016.09.20 at 17:21:14 CST INFO  cn.turingmoon.detectors.FlowHeaderDetector 40 pcIsLarge - Packet Count: 1 4.0502226E-4
2016.09.20 at 17:21:14 CST INFO  cn.turingmoon.detectors.FlowHeaderDetector 40 pcIsLarge - Packet Count: 1 4.0502226E-4
2016.09.20 at 17:21:14 CST INFO  cn.turingmoon.detectors.FlowHeaderDetector 40 pcIsLarge - Packet Count: 1 4.0502226E-4
2016.09.20 at 17:21:14 CST INFO  cn.turingmoon.detectors.FlowHeaderDetector 40 pcIsLarge - Packet Count: 9 0.0036452005
2016.09.20 at 17:21:14 CST INFO  cn.turingmoon.detectors.FlowHeaderDetector 143 lambda$run$0 - Flow Header Detect 2184 records
2016.09.20 at 17:21:14 CST INFO  cn.turingmoon.detectors.TrafficPatternDetector 241 lambda$run$0 - Start Traffic Pattern Detection! 3 4
2016.09.20 at 17:21:14 CST INFO  cn.turingmoon.detectors.TrafficPatternDetector 227 flowNumIsLarge - Flow Num: 69
2016.09.20 at 17:21:14 CST INFO  cn.turingmoon.detectors.TrafficPatternDetector 197 flowSizeAvgIsSmall - Flow Size Avg: 837.0
2016.09.20 at 17:21:14 CST INFO  cn.turingmoon.detectors.TrafficPatternDetector 222 packetNumAvgIsSmall - Packet Num Avg: 2.0
2016.09.20 at 17:21:14 CST INFO  cn.turingmoon.detectors.TrafficPatternDetector 192 dstIpNumIsLarge - Dst Ip Num: 3
2016.09.20 at 17:21:14 CST INFO  cn.turingmoon.detectors.TrafficPatternDetector 207 dstPortNumIsSmall - Dst Port Num(S): 33
2016.09.20 at 17:21:14 CST INFO  cn.turingmoon.detectors.TrafficPatternDetector 69 isScanning - Scan Function: 0.31529271155595784
2016.09.20 at 17:21:14 CST INFO  cn.turingmoon.detectors.TrafficPatternDetector 187 packetNumSumIsLarge - Packet Num Sum: 139
2016.09.20 at 17:21:14 CST INFO  cn.turingmoon.detectors.TrafficPatternDetector 182 flowSizeSumIsLarge - Flow Size Sum: 57805
2016.09.20 at 17:21:16 CST INFO  cn.turingmoon.generators.FlowStore 35 lambda$run$0 - Flows Store .. 0 records
2016.09.20 at 17:21:24 CST INFO  cn.turingmoon.detectors.FlowHeaderDetector 118 lambda$run$0 - Start Flow Header Detection! 
2016.09.20 at 17:21:24 CST INFO  cn.turingmoon.detectors.FlowHeaderDetector 40 pcIsLarge - Packet Count: 24 0.0048602675
2016.09.20 at 17:21:24 CST INFO  cn.turingmoon.detectors.FlowHeaderDetector 40 pcIsLarge - Packet Count: 75 0.015188335
2016.09.20 at 17:21:24 CST INFO  cn.turingmoon.detectors.FlowHeaderDetector 40 pcIsLarge - Packet Count: 1 2.0251113E-4
2016.09.20 at 17:21:24 CST INFO  cn.turingmoon.detectors.FlowHeaderDetector 40 pcIsLarge - Packet Count: 1 2.0251113E-4
2016.09.20 at 17:21:24 CST INFO  cn.turingmoon.detectors.FlowHeaderDetector 40 pcIsLarge - Packet Count: 1 2.0251113E-4
2016.09.20 at 17:21:24 CST INFO  cn.turingmoon.detectors.FlowHeaderDetector 40 pcIsLarge - Packet Count: 1 2.0251113E-4
2016.09.20 at 17:21:24 CST INFO  cn.turingmoon.detectors.FlowHeaderDetector 40 pcIsLarge - Packet Count: 1 2.0251113E-4
2016.09.20 at 17:21:24 CST INFO  cn.turingmoon.detectors.FlowHeaderDetector 40 pcIsLarge - Packet Count: 1 2.0251113E-4
2016.09.20 at 17:21:24 CST INFO  cn.turingmoon.detectors.FlowHeaderDetector 40 pcIsLarge - Packet Count: 1 2.0251113E-4
2016.09.20 at 17:21:24 CST INFO  cn.turingmoon.detectors.FlowHeaderDetector 40 pcIsLarge - Packet Count: 1 2.0251113E-4
2016.09.20 at 17:21:24 CST INFO  cn.turingmoon.detectors.FlowHeaderDetector 40 pcIsLarge - Packet Count: 2 4.0502226E-4
2016.09.20 at 17:21:24 CST INFO  cn.turingmoon.detectors.FlowHeaderDetector 40 pcIsLarge - Packet Count: 3 6.0753344E-4
2016.09.20 at 17:21:24 CST INFO  cn.turingmoon.detectors.FlowHeaderDetector 40 pcIsLarge - Packet Count: 3 6.0753344E-4
2016.09.20 at 17:21:24 CST INFO  cn.turingmoon.detectors.FlowHeaderDetector 40 pcIsLarge - Packet Count: 3 6.0753344E-4
2016.09.20 at 17:21:24 CST INFO  cn.turingmoon.detectors.FlowHeaderDetector 40 pcIsLarge - Packet Count: 3 6.0753344E-4
2016.09.20 at 17:21:24 CST INFO  cn.turingmoon.detectors.FlowHeaderDetector 40 pcIsLarge - Packet Count: 2 4.0502226E-4
2016.09.20 at 17:21:24 CST INFO  cn.turingmoon.detectors.FlowHeaderDetector 40 pcIsLarge - Packet Count: 1 2.0251113E-4
2016.09.20 at 17:21:24 CST INFO  cn.turingmoon.detectors.FlowHeaderDetector 40 pcIsLarge - Packet Count: 3 6.0753344E-4
2016.09.20 at 17:21:24 CST INFO  cn.turingmoon.detectors.FlowHeaderDetector 40 pcIsLarge - Packet Count: 1 2.0251113E-4
2016.09.20 at 17:21:24 CST INFO  cn.turingmoon.detectors.FlowHeaderDetector 40 pcIsLarge - Packet Count: 2 4.0502226E-4
2016.09.20 at 17:21:24 CST INFO  cn.turingmoon.detectors.FlowHeaderDetector 40 pcIsLarge - Packet Count: 3 6.0753344E-4
2016.09.20 at 17:21:24 CST INFO  cn.turingmoon.detectors.FlowHeaderDetector 40 pcIsLarge - Packet Count: 1 2.0251113E-4
2016.09.20 at 17:21:24 CST INFO  cn.turingmoon.detectors.FlowHeaderDetector 40 pcIsLarge - Packet Count: 2 4.0502226E-4
2016.09.20 at 17:21:24 CST INFO  cn.turingmoon.detectors.FlowHeaderDetector 40 pcIsLarge - Packet Count: 1 2.0251113E-4
2016.09.20 at 17:21:24 CST INFO  cn.turingmoon.detectors.FlowHeaderDetector 40 pcIsLarge - Packet Count: 2 4.0502226E-4
2016.09.20 at 17:21:24 CST INFO  cn.turingmoon.detectors.FlowHeaderDetector 40 pcIsLarge - Packet Count: 4 8.100445E-4
2016.09.20 at 17:21:24 CST INFO  cn.turingmoon.detectors.FlowHeaderDetector 40 pcIsLarge - Packet Count: 2 4.0502226E-4
2016.09.20 at 17:21:24 CST INFO  cn.turingmoon.detectors.FlowHeaderDetector 40 pcIsLarge - Packet Count: 2 4.0502226E-4
2016.09.20 at 17:21:24 CST INFO  cn.turingmoon.detectors.FlowHeaderDetector 40 pcIsLarge - Packet Count: 2 4.0502226E-4
2016.09.20 at 17:21:24 CST INFO  cn.turingmoon.detectors.FlowHeaderDetector 40 pcIsLarge - Packet Count: 2 4.0502226E-4
2016.09.20 at 17:21:24 CST INFO  cn.turingmoon.detectors.FlowHeaderDetector 40 pcIsLarge - Packet Count: 2 4.0502226E-4
2016.09.20 at 17:21:24 CST INFO  cn.turingmoon.detectors.FlowHeaderDetector 40 pcIsLarge - Packet Count: 2 4.0502226E-4
2016.09.20 at 17:21:24 CST INFO  cn.turingmoon.detectors.FlowHeaderDetector 40 pcIsLarge - Packet Count: 2 4.0502226E-4
2016.09.20 at 17:21:24 CST INFO  cn.turingmoon.detectors.FlowHeaderDetector 51 percentIsLarge - Packet Size / Packet Num: 552.0
2016.09.20 at 17:21:24 CST INFO  cn.turingmoon.detectors.FlowHeaderDetector 45 fsIsLarge - Flow Size: 4416 0.002302492
2016.09.20 at 17:21:24 CST INFO  cn.turingmoon.detectors.FlowHeaderDetector 40 pcIsLarge - Packet Count: 4 8.100445E-4
2016.09.20 at 17:21:24 CST INFO  cn.turingmoon.detectors.FlowHeaderDetector 40 pcIsLarge - Packet Count: 2 4.0502226E-4
2016.09.20 at 17:21:24 CST INFO  cn.turingmoon.detectors.FlowHeaderDetector 40 pcIsLarge - Packet Count: 8 0.001620089
2016.09.20 at 17:21:24 CST INFO  cn.turingmoon.detectors.FlowHeaderDetector 40 pcIsLarge - Packet Count: 8 0.001620089
2016.09.20 at 17:21:24 CST INFO  cn.turingmoon.detectors.FlowHeaderDetector 40 pcIsLarge - Packet Count: 4 8.100445E-4
2016.09.20 at 17:21:24 CST INFO  cn.turingmoon.detectors.FlowHeaderDetector 40 pcIsLarge - Packet Count: 4 8.100445E-4
2016.09.20 at 17:21:24 CST INFO  cn.turingmoon.detectors.FlowHeaderDetector 40 pcIsLarge - Packet Count: 4 8.100445E-4
2016.09.20 at 17:21:24 CST INFO  cn.turingmoon.detectors.FlowHeaderDetector 40 pcIsLarge - Packet Count: 5 0.0010125557
2016.09.20 at 17:21:24 CST INFO  cn.turingmoon.detectors.FlowHeaderDetector 40 pcIsLarge - Packet Count: 4 8.100445E-4
2016.09.20 at 17:21:24 CST INFO  cn.turingmoon.detectors.FlowHeaderDetector 40 pcIsLarge - Packet Count: 1 2.0251113E-4
2016.09.20 at 17:21:24 CST INFO  cn.turingmoon.detectors.FlowHeaderDetector 40 pcIsLarge - Packet Count: 1 2.0251113E-4
2016.09.20 at 17:21:24 CST INFO  cn.turingmoon.detectors.FlowHeaderDetector 40 pcIsLarge - Packet Count: 1 2.0251113E-4
2016.09.20 at 17:21:24 CST INFO  cn.turingmoon.detectors.FlowHeaderDetector 40 pcIsLarge - Packet Count: 2 4.0502226E-4
2016.09.20 at 17:21:24 CST INFO  cn.turingmoon.detectors.FlowHeaderDetector 40 pcIsLarge - Packet Count: 1 2.0251113E-4
2016.09.20 at 17:21:24 CST INFO  cn.turingmoon.detectors.FlowHeaderDetector 40 pcIsLarge - Packet Count: 1 2.0251113E-4
2016.09.20 at 17:21:24 CST INFO  cn.turingmoon.detectors.FlowHeaderDetector 40 pcIsLarge - Packet Count: 4 8.100445E-4
2016.09.20 at 17:21:24 CST INFO  cn.turingmoon.detectors.FlowHeaderDetector 40 pcIsLarge - Packet Count: 2 4.0502226E-4
2016.09.20 at 17:21:24 CST INFO  cn.turingmoon.detectors.FlowHeaderDetector 40 pcIsLarge - Packet Count: 3 6.0753344E-4
2016.09.20 at 17:21:24 CST INFO  cn.turingmoon.detectors.FlowHeaderDetector 40 pcIsLarge - Packet Count: 4 8.100445E-4
2016.09.20 at 17:21:24 CST INFO  cn.turingmoon.detectors.FlowHeaderDetector 40 pcIsLarge - Packet Count: 2 4.0502226E-4
2016.09.20 at 17:21:24 CST INFO  cn.turingmoon.detectors.FlowHeaderDetector 40 pcIsLarge - Packet Count: 1 2.0251113E-4
2016.09.20 at 17:21:24 CST INFO  cn.turingmoon.detectors.FlowHeaderDetector 40 pcIsLarge - Packet Count: 3 6.0753344E-4
2016.09.20 at 17:21:24 CST INFO  cn.turingmoon.detectors.FlowHeaderDetector 40 pcIsLarge - Packet Count: 3 6.0753344E-4
2016.09.20 at 17:21:24 CST INFO  cn.turingmoon.detectors.FlowHeaderDetector 40 pcIsLarge - Packet Count: 1 2.0251113E-4
2016.09.20 at 17:21:24 CST INFO  cn.turingmoon.detectors.FlowHeaderDetector 40 pcIsLarge - Packet Count: 1 2.0251113E-4
2016.09.20 at 17:21:24 CST INFO  cn.turingmoon.detectors.FlowHeaderDetector 40 pcIsLarge - Packet Count: 3 6.0753344E-4
2016.09.20 at 17:21:24 CST INFO  cn.turingmoon.detectors.FlowHeaderDetector 40 pcIsLarge - Packet Count: 3 6.0753344E-4
2016.09.20 at 17:21:24 CST INFO  cn.turingmoon.detectors.FlowHeaderDetector 40 pcIsLarge - Packet Count: 1 2.0251113E-4
2016.09.20 at 17:21:24 CST INFO  cn.turingmoon.detectors.FlowHeaderDetector 40 pcIsLarge - Packet Count: 1 2.0251113E-4
2016.09.20 at 17:21:24 CST INFO  cn.turingmoon.detectors.FlowHeaderDetector 40 pcIsLarge - Packet Count: 9 0.0018226003
2016.09.20 at 17:21:24 CST INFO  cn.turingmoon.detectors.FlowHeaderDetector 40 pcIsLarge - Packet Count: 6 0.0012150669
2016.09.20 at 17:21:24 CST INFO  cn.turingmoon.detectors.FlowHeaderDetector 40 pcIsLarge - Packet Count: 1 2.0251113E-4
2016.09.20 at 17:21:24 CST INFO  cn.turingmoon.detectors.FlowHeaderDetector 40 pcIsLarge - Packet Count: 5 0.0010125557
2016.09.20 at 17:21:24 CST INFO  cn.turingmoon.detectors.FlowHeaderDetector 40 pcIsLarge - Packet Count: 4 8.100445E-4
2016.09.20 at 17:21:24 CST INFO  cn.turingmoon.detectors.FlowHeaderDetector 40 pcIsLarge - Packet Count: 1 2.0251113E-4
2016.09.20 at 17:21:24 CST INFO  cn.turingmoon.detectors.FlowHeaderDetector 40 pcIsLarge - Packet Count: 7 0.001417578
2016.09.20 at 17:21:24 CST INFO  cn.turingmoon.detectors.FlowHeaderDetector 40 pcIsLarge - Packet Count: 1 2.0251113E-4
2016.09.20 at 17:21:24 CST INFO  cn.turingmoon.detectors.FlowHeaderDetector 40 pcIsLarge - Packet Count: 1 2.0251113E-4
2016.09.20 at 17:21:24 CST INFO  cn.turingmoon.detectors.FlowHeaderDetector 40 pcIsLarge - Packet Count: 4 8.100445E-4
2016.09.20 at 17:21:24 CST INFO  cn.turingmoon.detectors.FlowHeaderDetector 40 pcIsLarge - Packet Count: 3 6.0753344E-4
2016.09.20 at 17:21:24 CST INFO  cn.turingmoon.detectors.FlowHeaderDetector 40 pcIsLarge - Packet Count: 3 6.0753344E-4
2016.09.20 at 17:21:24 CST INFO  cn.turingmoon.detectors.FlowHeaderDetector 40 pcIsLarge - Packet Count: 1 2.0251113E-4
2016.09.20 at 17:21:24 CST INFO  cn.turingmoon.detectors.FlowHeaderDetector 40 pcIsLarge - Packet Count: 3 6.0753344E-4
2016.09.20 at 17:21:24 CST INFO  cn.turingmoon.detectors.FlowHeaderDetector 40 pcIsLarge - Packet Count: 3 6.0753344E-4
2016.09.20 at 17:21:24 CST INFO  cn.turingmoon.detectors.FlowHeaderDetector 40 pcIsLarge - Packet Count: 1 2.0251113E-4
2016.09.20 at 17:21:24 CST INFO  cn.turingmoon.detectors.FlowHeaderDetector 40 pcIsLarge - Packet Count: 3 6.0753344E-4
2016.09.20 at 17:21:24 CST INFO  cn.turingmoon.detectors.FlowHeaderDetector 40 pcIsLarge - Packet Count: 3 6.0753344E-4
2016.09.20 at 17:21:24 CST INFO  cn.turingmoon.detectors.FlowHeaderDetector 40 pcIsLarge - Packet Count: 1 2.0251113E-4
2016.09.20 at 17:21:24 CST INFO  cn.turingmoon.detectors.FlowHeaderDetector 40 pcIsLarge - Packet Count: 1 2.0251113E-4
2016.09.20 at 17:21:24 CST INFO  cn.turingmoon.detectors.FlowHeaderDetector 40 pcIsLarge - Packet Count: 1 2.0251113E-4
2016.09.20 at 17:21:24 CST INFO  cn.turingmoon.detectors.FlowHeaderDetector 40 pcIsLarge - Packet Count: 9 0.0018226003
2016.09.20 at 17:21:24 CST INFO  cn.turingmoon.detectors.FlowHeaderDetector 143 lambda$run$0 - Flow Header Detect 2184 records
2016.09.20 at 17:21:26 CST INFO  cn.turingmoon.generators.FlowStore 35 lambda$run$0 - Flows Store .. 0 records
2016.09.20 at 17:21:34 CST INFO  cn.turingmoon.detectors.FlowHeaderDetector 118 lambda$run$0 - Start Flow Header Detection! 
2016.09.20 at 17:21:34 CST INFO  cn.turingmoon.detectors.FlowHeaderDetector 40 pcIsLarge - Packet Count: 24 0.003240178
2016.09.20 at 17:21:34 CST INFO  cn.turingmoon.detectors.FlowHeaderDetector 40 pcIsLarge - Packet Count: 75 0.010125557
2016.09.20 at 17:21:34 CST INFO  cn.turingmoon.detectors.FlowHeaderDetector 40 pcIsLarge - Packet Count: 1 1.3500743E-4
2016.09.20 at 17:21:34 CST INFO  cn.turingmoon.detectors.FlowHeaderDetector 40 pcIsLarge - Packet Count: 1 1.3500743E-4
2016.09.20 at 17:21:34 CST INFO  cn.turingmoon.detectors.FlowHeaderDetector 40 pcIsLarge - Packet Count: 1 1.3500743E-4
2016.09.20 at 17:21:34 CST INFO  cn.turingmoon.detectors.FlowHeaderDetector 40 pcIsLarge - Packet Count: 1 1.3500743E-4
2016.09.20 at 17:21:34 CST INFO  cn.turingmoon.detectors.FlowHeaderDetector 40 pcIsLarge - Packet Count: 1 1.3500743E-4
2016.09.20 at 17:21:34 CST INFO  cn.turingmoon.detectors.FlowHeaderDetector 40 pcIsLarge - Packet Count: 1 1.3500743E-4
2016.09.20 at 17:21:34 CST INFO  cn.turingmoon.detectors.FlowHeaderDetector 40 pcIsLarge - Packet Count: 1 1.3500743E-4
2016.09.20 at 17:21:34 CST INFO  cn.turingmoon.detectors.FlowHeaderDetector 40 pcIsLarge - Packet Count: 1 1.3500743E-4
2016.09.20 at 17:21:34 CST INFO  cn.turingmoon.detectors.FlowHeaderDetector 40 pcIsLarge - Packet Count: 2 2.7001486E-4
2016.09.20 at 17:21:34 CST INFO  cn.turingmoon.detectors.FlowHeaderDetector 40 pcIsLarge - Packet Count: 3 4.0502226E-4
2016.09.20 at 17:21:34 CST INFO  cn.turingmoon.detectors.FlowHeaderDetector 40 pcIsLarge - Packet Count: 3 4.0502226E-4
2016.09.20 at 17:21:34 CST INFO  cn.turingmoon.detectors.FlowHeaderDetector 40 pcIsLarge - Packet Count: 3 4.0502226E-4
2016.09.20 at 17:21:34 CST INFO  cn.turingmoon.detectors.FlowHeaderDetector 40 pcIsLarge - Packet Count: 3 4.0502226E-4
2016.09.20 at 17:21:34 CST INFO  cn.turingmoon.detectors.FlowHeaderDetector 40 pcIsLarge - Packet Count: 2 2.7001486E-4
2016.09.20 at 17:21:34 CST INFO  cn.turingmoon.detectors.FlowHeaderDetector 40 pcIsLarge - Packet Count: 1 1.3500743E-4
2016.09.20 at 17:21:34 CST INFO  cn.turingmoon.detectors.FlowHeaderDetector 40 pcIsLarge - Packet Count: 3 4.0502226E-4
2016.09.20 at 17:21:34 CST INFO  cn.turingmoon.detectors.FlowHeaderDetector 40 pcIsLarge - Packet Count: 1 1.3500743E-4
2016.09.20 at 17:21:34 CST INFO  cn.turingmoon.detectors.FlowHeaderDetector 40 pcIsLarge - Packet Count: 2 2.7001486E-4
2016.09.20 at 17:21:34 CST INFO  cn.turingmoon.detectors.FlowHeaderDetector 40 pcIsLarge - Packet Count: 3 4.0502226E-4
2016.09.20 at 17:21:34 CST INFO  cn.turingmoon.detectors.FlowHeaderDetector 40 pcIsLarge - Packet Count: 1 1.3500743E-4
2016.09.20 at 17:21:34 CST INFO  cn.turingmoon.detectors.FlowHeaderDetector 40 pcIsLarge - Packet Count: 2 2.7001486E-4
2016.09.20 at 17:21:34 CST INFO  cn.turingmoon.detectors.FlowHeaderDetector 40 pcIsLarge - Packet Count: 1 1.3500743E-4
2016.09.20 at 17:21:34 CST INFO  cn.turingmoon.detectors.FlowHeaderDetector 40 pcIsLarge - Packet Count: 2 2.7001486E-4
2016.09.20 at 17:21:34 CST INFO  cn.turingmoon.detectors.FlowHeaderDetector 40 pcIsLarge - Packet Count: 4 5.400297E-4
2016.09.20 at 17:21:34 CST INFO  cn.turingmoon.detectors.FlowHeaderDetector 40 pcIsLarge - Packet Count: 2 2.7001486E-4
2016.09.20 at 17:21:34 CST INFO  cn.turingmoon.detectors.FlowHeaderDetector 40 pcIsLarge - Packet Count: 2 2.7001486E-4
2016.09.20 at 17:21:34 CST INFO  cn.turingmoon.detectors.FlowHeaderDetector 40 pcIsLarge - Packet Count: 2 2.7001486E-4
2016.09.20 at 17:21:34 CST INFO  cn.turingmoon.detectors.FlowHeaderDetector 40 pcIsLarge - Packet Count: 2 2.7001486E-4
2016.09.20 at 17:21:34 CST INFO  cn.turingmoon.detectors.FlowHeaderDetector 40 pcIsLarge - Packet Count: 2 2.7001486E-4
2016.09.20 at 17:21:34 CST INFO  cn.turingmoon.detectors.FlowHeaderDetector 40 pcIsLarge - Packet Count: 2 2.7001486E-4
2016.09.20 at 17:21:34 CST INFO  cn.turingmoon.detectors.FlowHeaderDetector 40 pcIsLarge - Packet Count: 2 2.7001486E-4
2016.09.20 at 17:21:34 CST INFO  cn.turingmoon.detectors.FlowHeaderDetector 51 percentIsLarge - Packet Size / Packet Num: 552.0
2016.09.20 at 17:21:34 CST INFO  cn.turingmoon.detectors.FlowHeaderDetector 45 fsIsLarge - Flow Size: 4416 0.0015349947
2016.09.20 at 17:21:34 CST INFO  cn.turingmoon.detectors.FlowHeaderDetector 40 pcIsLarge - Packet Count: 4 5.400297E-4
2016.09.20 at 17:21:34 CST INFO  cn.turingmoon.detectors.FlowHeaderDetector 40 pcIsLarge - Packet Count: 2 2.7001486E-4
2016.09.20 at 17:21:34 CST INFO  cn.turingmoon.detectors.FlowHeaderDetector 40 pcIsLarge - Packet Count: 8 0.0010800594
2016.09.20 at 17:21:34 CST INFO  cn.turingmoon.detectors.FlowHeaderDetector 40 pcIsLarge - Packet Count: 8 0.0010800594
2016.09.20 at 17:21:34 CST INFO  cn.turingmoon.detectors.FlowHeaderDetector 40 pcIsLarge - Packet Count: 4 5.400297E-4
2016.09.20 at 17:21:34 CST INFO  cn.turingmoon.detectors.FlowHeaderDetector 40 pcIsLarge - Packet Count: 4 5.400297E-4
2016.09.20 at 17:21:34 CST INFO  cn.turingmoon.detectors.FlowHeaderDetector 40 pcIsLarge - Packet Count: 4 5.400297E-4
2016.09.20 at 17:21:34 CST INFO  cn.turingmoon.detectors.FlowHeaderDetector 40 pcIsLarge - Packet Count: 5 6.7503715E-4
2016.09.20 at 17:21:34 CST INFO  cn.turingmoon.detectors.FlowHeaderDetector 40 pcIsLarge - Packet Count: 4 5.400297E-4
2016.09.20 at 17:21:34 CST INFO  cn.turingmoon.detectors.FlowHeaderDetector 40 pcIsLarge - Packet Count: 1 1.3500743E-4
2016.09.20 at 17:21:34 CST INFO  cn.turingmoon.detectors.FlowHeaderDetector 40 pcIsLarge - Packet Count: 1 1.3500743E-4
2016.09.20 at 17:21:34 CST INFO  cn.turingmoon.detectors.FlowHeaderDetector 40 pcIsLarge - Packet Count: 1 1.3500743E-4
2016.09.20 at 17:21:34 CST INFO  cn.turingmoon.detectors.FlowHeaderDetector 40 pcIsLarge - Packet Count: 2 2.7001486E-4
2016.09.20 at 17:21:34 CST INFO  cn.turingmoon.detectors.FlowHeaderDetector 40 pcIsLarge - Packet Count: 1 1.3500743E-4
2016.09.20 at 17:21:34 CST INFO  cn.turingmoon.detectors.FlowHeaderDetector 40 pcIsLarge - Packet Count: 1 1.3500743E-4
2016.09.20 at 17:21:34 CST INFO  cn.turingmoon.detectors.FlowHeaderDetector 40 pcIsLarge - Packet Count: 4 5.400297E-4
2016.09.20 at 17:21:34 CST INFO  cn.turingmoon.detectors.FlowHeaderDetector 40 pcIsLarge - Packet Count: 2 2.7001486E-4
2016.09.20 at 17:21:34 CST INFO  cn.turingmoon.detectors.FlowHeaderDetector 40 pcIsLarge - Packet Count: 3 4.0502226E-4
2016.09.20 at 17:21:34 CST INFO  cn.turingmoon.detectors.FlowHeaderDetector 40 pcIsLarge - Packet Count: 4 5.400297E-4
2016.09.20 at 17:21:34 CST INFO  cn.turingmoon.detectors.FlowHeaderDetector 40 pcIsLarge - Packet Count: 2 2.7001486E-4
2016.09.20 at 17:21:34 CST INFO  cn.turingmoon.detectors.FlowHeaderDetector 40 pcIsLarge - Packet Count: 1 1.3500743E-4
2016.09.20 at 17:21:34 CST INFO  cn.turingmoon.detectors.FlowHeaderDetector 40 pcIsLarge - Packet Count: 3 4.0502226E-4
2016.09.20 at 17:21:34 CST INFO  cn.turingmoon.detectors.FlowHeaderDetector 40 pcIsLarge - Packet Count: 3 4.0502226E-4
2016.09.20 at 17:21:34 CST INFO  cn.turingmoon.detectors.FlowHeaderDetector 40 pcIsLarge - Packet Count: 1 1.3500743E-4
2016.09.20 at 17:21:34 CST INFO  cn.turingmoon.detectors.FlowHeaderDetector 40 pcIsLarge - Packet Count: 1 1.3500743E-4
2016.09.20 at 17:21:34 CST INFO  cn.turingmoon.detectors.FlowHeaderDetector 40 pcIsLarge - Packet Count: 3 4.0502226E-4
2016.09.20 at 17:21:34 CST INFO  cn.turingmoon.detectors.FlowHeaderDetector 40 pcIsLarge - Packet Count: 3 4.0502226E-4
2016.09.20 at 17:21:34 CST INFO  cn.turingmoon.detectors.FlowHeaderDetector 40 pcIsLarge - Packet Count: 1 1.3500743E-4
2016.09.20 at 17:21:34 CST INFO  cn.turingmoon.detectors.FlowHeaderDetector 40 pcIsLarge - Packet Count: 1 1.3500743E-4
2016.09.20 at 17:21:34 CST INFO  cn.turingmoon.detectors.FlowHeaderDetector 40 pcIsLarge - Packet Count: 9 0.0012150669
2016.09.20 at 17:21:34 CST INFO  cn.turingmoon.detectors.FlowHeaderDetector 40 pcIsLarge - Packet Count: 6 8.100445E-4
2016.09.20 at 17:21:34 CST INFO  cn.turingmoon.detectors.FlowHeaderDetector 40 pcIsLarge - Packet Count: 1 1.3500743E-4
2016.09.20 at 17:21:34 CST INFO  cn.turingmoon.detectors.FlowHeaderDetector 40 pcIsLarge - Packet Count: 5 6.7503715E-4
2016.09.20 at 17:21:34 CST INFO  cn.turingmoon.detectors.FlowHeaderDetector 40 pcIsLarge - Packet Count: 4 5.400297E-4
2016.09.20 at 17:21:34 CST INFO  cn.turingmoon.detectors.FlowHeaderDetector 40 pcIsLarge - Packet Count: 1 1.3500743E-4
2016.09.20 at 17:21:34 CST INFO  cn.turingmoon.detectors.FlowHeaderDetector 40 pcIsLarge - Packet Count: 7 9.4505196E-4
2016.09.20 at 17:21:34 CST INFO  cn.turingmoon.detectors.FlowHeaderDetector 40 pcIsLarge - Packet Count: 1 1.3500743E-4
2016.09.20 at 17:21:34 CST INFO  cn.turingmoon.detectors.FlowHeaderDetector 40 pcIsLarge - Packet Count: 1 1.3500743E-4
2016.09.20 at 17:21:34 CST INFO  cn.turingmoon.detectors.FlowHeaderDetector 40 pcIsLarge - Packet Count: 4 5.400297E-4
2016.09.20 at 17:21:34 CST INFO  cn.turingmoon.detectors.FlowHeaderDetector 40 pcIsLarge - Packet Count: 3 4.0502226E-4
2016.09.20 at 17:21:34 CST INFO  cn.turingmoon.detectors.FlowHeaderDetector 40 pcIsLarge - Packet Count: 3 4.0502226E-4
2016.09.20 at 17:21:34 CST INFO  cn.turingmoon.detectors.FlowHeaderDetector 40 pcIsLarge - Packet Count: 1 1.3500743E-4
2016.09.20 at 17:21:34 CST INFO  cn.turingmoon.detectors.FlowHeaderDetector 40 pcIsLarge - Packet Count: 3 4.0502226E-4
2016.09.20 at 17:21:34 CST INFO  cn.turingmoon.detectors.FlowHeaderDetector 40 pcIsLarge - Packet Count: 3 4.0502226E-4
2016.09.20 at 17:21:34 CST INFO  cn.turingmoon.detectors.FlowHeaderDetector 40 pcIsLarge - Packet Count: 1 1.3500743E-4
2016.09.20 at 17:21:34 CST INFO  cn.turingmoon.detectors.FlowHeaderDetector 40 pcIsLarge - Packet Count: 3 4.0502226E-4
2016.09.20 at 17:21:34 CST INFO  cn.turingmoon.detectors.FlowHeaderDetector 40 pcIsLarge - Packet Count: 3 4.0502226E-4
2016.09.20 at 17:21:34 CST INFO  cn.turingmoon.detectors.FlowHeaderDetector 40 pcIsLarge - Packet Count: 1 1.3500743E-4
2016.09.20 at 17:21:34 CST INFO  cn.turingmoon.detectors.FlowHeaderDetector 40 pcIsLarge - Packet Count: 1 1.3500743E-4
2016.09.20 at 17:21:34 CST INFO  cn.turingmoon.detectors.FlowHeaderDetector 40 pcIsLarge - Packet Count: 1 1.3500743E-4
2016.09.20 at 17:21:34 CST INFO  cn.turingmoon.detectors.FlowHeaderDetector 40 pcIsLarge - Packet Count: 9 0.0012150669
2016.09.20 at 17:21:34 CST INFO  cn.turingmoon.detectors.FlowHeaderDetector 143 lambda$run$0 - Flow Header Detect 2184 records
2016.09.20 at 17:21:36 CST INFO  cn.turingmoon.generators.FlowStore 35 lambda$run$0 - Flows Store .. 0 records
2016.09.20 at 17:21:44 CST INFO  cn.turingmoon.detectors.FlowHeaderDetector 118 lambda$run$0 - Start Flow Header Detection! 
2016.09.20 at 17:21:44 CST INFO  cn.turingmoon.detectors.FlowHeaderDetector 40 pcIsLarge - Packet Count: 24 0.0024301338
2016.09.20 at 17:21:44 CST INFO  cn.turingmoon.detectors.FlowHeaderDetector 40 pcIsLarge - Packet Count: 75 0.0075941677
2016.09.20 at 17:21:44 CST INFO  cn.turingmoon.detectors.FlowHeaderDetector 40 pcIsLarge - Packet Count: 1 1.01255566E-4
2016.09.20 at 17:21:44 CST INFO  cn.turingmoon.detectors.FlowHeaderDetector 40 pcIsLarge - Packet Count: 1 1.01255566E-4
2016.09.20 at 17:21:44 CST INFO  cn.turingmoon.detectors.FlowHeaderDetector 40 pcIsLarge - Packet Count: 1 1.01255566E-4
2016.09.20 at 17:21:44 CST INFO  cn.turingmoon.detectors.FlowHeaderDetector 40 pcIsLarge - Packet Count: 1 1.01255566E-4
2016.09.20 at 17:21:44 CST INFO  cn.turingmoon.detectors.FlowHeaderDetector 40 pcIsLarge - Packet Count: 1 1.01255566E-4
2016.09.20 at 17:21:44 CST INFO  cn.turingmoon.detectors.FlowHeaderDetector 40 pcIsLarge - Packet Count: 1 1.01255566E-4
2016.09.20 at 17:21:44 CST INFO  cn.turingmoon.detectors.FlowHeaderDetector 40 pcIsLarge - Packet Count: 1 1.01255566E-4
2016.09.20 at 17:21:44 CST INFO  cn.turingmoon.detectors.FlowHeaderDetector 40 pcIsLarge - Packet Count: 1 1.01255566E-4
2016.09.20 at 17:21:44 CST INFO  cn.turingmoon.detectors.FlowHeaderDetector 40 pcIsLarge - Packet Count: 2 2.0251113E-4
2016.09.20 at 17:21:44 CST INFO  cn.turingmoon.detectors.FlowHeaderDetector 40 pcIsLarge - Packet Count: 3 3.0376672E-4
2016.09.20 at 17:21:44 CST INFO  cn.turingmoon.detectors.FlowHeaderDetector 40 pcIsLarge - Packet Count: 3 3.0376672E-4
2016.09.20 at 17:21:44 CST INFO  cn.turingmoon.detectors.FlowHeaderDetector 40 pcIsLarge - Packet Count: 3 3.0376672E-4
2016.09.20 at 17:21:44 CST INFO  cn.turingmoon.detectors.FlowHeaderDetector 40 pcIsLarge - Packet Count: 3 3.0376672E-4
2016.09.20 at 17:21:44 CST INFO  cn.turingmoon.detectors.FlowHeaderDetector 40 pcIsLarge - Packet Count: 2 2.0251113E-4
2016.09.20 at 17:21:44 CST INFO  cn.turingmoon.detectors.FlowHeaderDetector 40 pcIsLarge - Packet Count: 1 1.01255566E-4
2016.09.20 at 17:21:44 CST INFO  cn.turingmoon.detectors.FlowHeaderDetector 40 pcIsLarge - Packet Count: 3 3.0376672E-4
2016.09.20 at 17:21:44 CST INFO  cn.turingmoon.detectors.FlowHeaderDetector 40 pcIsLarge - Packet Count: 1 1.01255566E-4
2016.09.20 at 17:21:44 CST INFO  cn.turingmoon.detectors.FlowHeaderDetector 40 pcIsLarge - Packet Count: 2 2.0251113E-4
2016.09.20 at 17:21:44 CST INFO  cn.turingmoon.detectors.FlowHeaderDetector 40 pcIsLarge - Packet Count: 3 3.0376672E-4
2016.09.20 at 17:21:44 CST INFO  cn.turingmoon.detectors.FlowHeaderDetector 40 pcIsLarge - Packet Count: 1 1.01255566E-4
2016.09.20 at 17:21:44 CST INFO  cn.turingmoon.detectors.FlowHeaderDetector 40 pcIsLarge - Packet Count: 2 2.0251113E-4
2016.09.20 at 17:21:44 CST INFO  cn.turingmoon.detectors.FlowHeaderDetector 40 pcIsLarge - Packet Count: 1 1.01255566E-4
2016.09.20 at 17:21:44 CST INFO  cn.turingmoon.detectors.FlowHeaderDetector 40 pcIsLarge - Packet Count: 2 2.0251113E-4
2016.09.20 at 17:21:44 CST INFO  cn.turingmoon.detectors.FlowHeaderDetector 40 pcIsLarge - Packet Count: 4 4.0502226E-4
2016.09.20 at 17:21:44 CST INFO  cn.turingmoon.detectors.FlowHeaderDetector 40 pcIsLarge - Packet Count: 2 2.0251113E-4
2016.09.20 at 17:21:44 CST INFO  cn.turingmoon.detectors.FlowHeaderDetector 40 pcIsLarge - Packet Count: 2 2.0251113E-4
2016.09.20 at 17:21:44 CST INFO  cn.turingmoon.detectors.FlowHeaderDetector 40 pcIsLarge - Packet Count: 2 2.0251113E-4
2016.09.20 at 17:21:44 CST INFO  cn.turingmoon.detectors.FlowHeaderDetector 40 pcIsLarge - Packet Count: 2 2.0251113E-4
2016.09.20 at 17:21:44 CST INFO  cn.turingmoon.detectors.FlowHeaderDetector 40 pcIsLarge - Packet Count: 2 2.0251113E-4
2016.09.20 at 17:21:44 CST INFO  cn.turingmoon.detectors.FlowHeaderDetector 40 pcIsLarge - Packet Count: 2 2.0251113E-4
2016.09.20 at 17:21:44 CST INFO  cn.turingmoon.detectors.FlowHeaderDetector 40 pcIsLarge - Packet Count: 2 2.0251113E-4
2016.09.20 at 17:21:44 CST INFO  cn.turingmoon.detectors.FlowHeaderDetector 51 percentIsLarge - Packet Size / Packet Num: 552.0
2016.09.20 at 17:21:44 CST INFO  cn.turingmoon.detectors.FlowHeaderDetector 45 fsIsLarge - Flow Size: 4416 0.001151246
2016.09.20 at 17:21:44 CST INFO  cn.turingmoon.detectors.FlowHeaderDetector 40 pcIsLarge - Packet Count: 4 4.0502226E-4
2016.09.20 at 17:21:44 CST INFO  cn.turingmoon.detectors.FlowHeaderDetector 40 pcIsLarge - Packet Count: 2 2.0251113E-4
2016.09.20 at 17:21:44 CST INFO  cn.turingmoon.detectors.FlowHeaderDetector 40 pcIsLarge - Packet Count: 8 8.100445E-4
2016.09.20 at 17:21:44 CST INFO  cn.turingmoon.detectors.FlowHeaderDetector 40 pcIsLarge - Packet Count: 8 8.100445E-4
2016.09.20 at 17:21:44 CST INFO  cn.turingmoon.detectors.FlowHeaderDetector 40 pcIsLarge - Packet Count: 4 4.0502226E-4
2016.09.20 at 17:21:44 CST INFO  cn.turingmoon.detectors.FlowHeaderDetector 40 pcIsLarge - Packet Count: 4 4.0502226E-4
2016.09.20 at 17:21:44 CST INFO  cn.turingmoon.detectors.FlowHeaderDetector 40 pcIsLarge - Packet Count: 4 4.0502226E-4
2016.09.20 at 17:21:44 CST INFO  cn.turingmoon.detectors.FlowHeaderDetector 40 pcIsLarge - Packet Count: 5 5.0627784E-4
2016.09.20 at 17:21:44 CST INFO  cn.turingmoon.detectors.FlowHeaderDetector 40 pcIsLarge - Packet Count: 4 4.0502226E-4
2016.09.20 at 17:21:44 CST INFO  cn.turingmoon.detectors.FlowHeaderDetector 40 pcIsLarge - Packet Count: 1 1.01255566E-4
2016.09.20 at 17:21:44 CST INFO  cn.turingmoon.detectors.FlowHeaderDetector 40 pcIsLarge - Packet Count: 1 1.01255566E-4
2016.09.20 at 17:21:44 CST INFO  cn.turingmoon.detectors.FlowHeaderDetector 40 pcIsLarge - Packet Count: 1 1.01255566E-4
2016.09.20 at 17:21:44 CST INFO  cn.turingmoon.detectors.FlowHeaderDetector 40 pcIsLarge - Packet Count: 2 2.0251113E-4
2016.09.20 at 17:21:44 CST INFO  cn.turingmoon.detectors.FlowHeaderDetector 40 pcIsLarge - Packet Count: 1 1.01255566E-4
2016.09.20 at 17:21:44 CST INFO  cn.turingmoon.detectors.FlowHeaderDetector 40 pcIsLarge - Packet Count: 1 1.01255566E-4
2016.09.20 at 17:21:44 CST INFO  cn.turingmoon.detectors.FlowHeaderDetector 40 pcIsLarge - Packet Count: 4 4.0502226E-4
2016.09.20 at 17:21:44 CST INFO  cn.turingmoon.detectors.FlowHeaderDetector 40 pcIsLarge - Packet Count: 2 2.0251113E-4
2016.09.20 at 17:21:44 CST INFO  cn.turingmoon.detectors.FlowHeaderDetector 40 pcIsLarge - Packet Count: 3 3.0376672E-4
2016.09.20 at 17:21:44 CST INFO  cn.turingmoon.detectors.FlowHeaderDetector 40 pcIsLarge - Packet Count: 4 4.0502226E-4
2016.09.20 at 17:21:44 CST INFO  cn.turingmoon.detectors.FlowHeaderDetector 40 pcIsLarge - Packet Count: 2 2.0251113E-4
2016.09.20 at 17:21:44 CST INFO  cn.turingmoon.detectors.FlowHeaderDetector 40 pcIsLarge - Packet Count: 1 1.01255566E-4
2016.09.20 at 17:21:44 CST INFO  cn.turingmoon.detectors.FlowHeaderDetector 40 pcIsLarge - Packet Count: 3 3.0376672E-4
2016.09.20 at 17:21:44 CST INFO  cn.turingmoon.detectors.FlowHeaderDetector 40 pcIsLarge - Packet Count: 3 3.0376672E-4
2016.09.20 at 17:21:44 CST INFO  cn.turingmoon.detectors.FlowHeaderDetector 40 pcIsLarge - Packet Count: 1 1.01255566E-4
2016.09.20 at 17:21:44 CST INFO  cn.turingmoon.detectors.FlowHeaderDetector 40 pcIsLarge - Packet Count: 1 1.01255566E-4
2016.09.20 at 17:21:44 CST INFO  cn.turingmoon.detectors.FlowHeaderDetector 40 pcIsLarge - Packet Count: 3 3.0376672E-4
2016.09.20 at 17:21:44 CST INFO  cn.turingmoon.detectors.FlowHeaderDetector 40 pcIsLarge - Packet Count: 3 3.0376672E-4
2016.09.20 at 17:21:44 CST INFO  cn.turingmoon.detectors.FlowHeaderDetector 40 pcIsLarge - Packet Count: 1 1.01255566E-4
2016.09.20 at 17:21:44 CST INFO  cn.turingmoon.detectors.FlowHeaderDetector 40 pcIsLarge - Packet Count: 1 1.01255566E-4
2016.09.20 at 17:21:44 CST INFO  cn.turingmoon.detectors.FlowHeaderDetector 40 pcIsLarge - Packet Count: 9 9.113001E-4
2016.09.20 at 17:21:44 CST INFO  cn.turingmoon.detectors.FlowHeaderDetector 40 pcIsLarge - Packet Count: 6 6.0753344E-4
2016.09.20 at 17:21:44 CST INFO  cn.turingmoon.detectors.FlowHeaderDetector 40 pcIsLarge - Packet Count: 1 1.01255566E-4
2016.09.20 at 17:21:44 CST INFO  cn.turingmoon.detectors.FlowHeaderDetector 40 pcIsLarge - Packet Count: 5 5.0627784E-4
2016.09.20 at 17:21:44 CST INFO  cn.turingmoon.detectors.FlowHeaderDetector 40 pcIsLarge - Packet Count: 4 4.0502226E-4
2016.09.20 at 17:21:44 CST INFO  cn.turingmoon.detectors.FlowHeaderDetector 40 pcIsLarge - Packet Count: 1 1.01255566E-4
2016.09.20 at 17:21:44 CST INFO  cn.turingmoon.detectors.FlowHeaderDetector 40 pcIsLarge - Packet Count: 7 7.08789E-4
2016.09.20 at 17:21:44 CST INFO  cn.turingmoon.detectors.FlowHeaderDetector 40 pcIsLarge - Packet Count: 1 1.01255566E-4
2016.09.20 at 17:21:44 CST INFO  cn.turingmoon.detectors.FlowHeaderDetector 40 pcIsLarge - Packet Count: 1 1.01255566E-4
2016.09.20 at 17:21:44 CST INFO  cn.turingmoon.detectors.FlowHeaderDetector 40 pcIsLarge - Packet Count: 4 4.0502226E-4
2016.09.20 at 17:21:44 CST INFO  cn.turingmoon.detectors.FlowHeaderDetector 40 pcIsLarge - Packet Count: 3 3.0376672E-4
2016.09.20 at 17:21:44 CST INFO  cn.turingmoon.detectors.FlowHeaderDetector 40 pcIsLarge - Packet Count: 3 3.0376672E-4
2016.09.20 at 17:21:44 CST INFO  cn.turingmoon.detectors.FlowHeaderDetector 40 pcIsLarge - Packet Count: 1 1.01255566E-4
2016.09.20 at 17:21:44 CST INFO  cn.turingmoon.detectors.FlowHeaderDetector 40 pcIsLarge - Packet Count: 3 3.0376672E-4
2016.09.20 at 17:21:44 CST INFO  cn.turingmoon.detectors.FlowHeaderDetector 40 pcIsLarge - Packet Count: 3 3.0376672E-4
2016.09.20 at 17:21:44 CST INFO  cn.turingmoon.detectors.FlowHeaderDetector 40 pcIsLarge - Packet Count: 1 1.01255566E-4
2016.09.20 at 17:21:44 CST INFO  cn.turingmoon.detectors.FlowHeaderDetector 40 pcIsLarge - Packet Count: 3 3.0376672E-4
2016.09.20 at 17:21:44 CST INFO  cn.turingmoon.detectors.FlowHeaderDetector 40 pcIsLarge - Packet Count: 3 3.0376672E-4
2016.09.20 at 17:21:44 CST INFO  cn.turingmoon.detectors.FlowHeaderDetector 40 pcIsLarge - Packet Count: 1 1.01255566E-4
2016.09.20 at 17:21:44 CST INFO  cn.turingmoon.detectors.FlowHeaderDetector 40 pcIsLarge - Packet Count: 1 1.01255566E-4
2016.09.20 at 17:21:44 CST INFO  cn.turingmoon.detectors.FlowHeaderDetector 40 pcIsLarge - Packet Count: 1 1.01255566E-4
2016.09.20 at 17:21:44 CST INFO  cn.turingmoon.detectors.FlowHeaderDetector 40 pcIsLarge - Packet Count: 9 9.113001E-4
2016.09.20 at 17:21:44 CST INFO  cn.turingmoon.detectors.FlowHeaderDetector 143 lambda$run$0 - Flow Header Detect 2184 records
2016.09.20 at 17:21:46 CST INFO  cn.turingmoon.generators.FlowStore 35 lambda$run$0 - Flows Store .. 0 records
2016.09.20 at 17:21:54 CST INFO  cn.turingmoon.detectors.FlowHeaderDetector 118 lambda$run$0 - Start Flow Header Detection! 
2016.09.20 at 17:21:54 CST INFO  cn.turingmoon.detectors.FlowHeaderDetector 40 pcIsLarge - Packet Count: 24 0.0019441069
2016.09.20 at 17:21:54 CST INFO  cn.turingmoon.detectors.FlowHeaderDetector 40 pcIsLarge - Packet Count: 75 0.0060753343
2016.09.20 at 17:21:54 CST INFO  cn.turingmoon.detectors.FlowHeaderDetector 40 pcIsLarge - Packet Count: 1 8.100446E-5
2016.09.20 at 17:21:54 CST INFO  cn.turingmoon.detectors.FlowHeaderDetector 40 pcIsLarge - Packet Count: 1 8.100446E-5
2016.09.20 at 17:21:54 CST INFO  cn.turingmoon.detectors.FlowHeaderDetector 40 pcIsLarge - Packet Count: 1 8.100446E-5
2016.09.20 at 17:21:54 CST INFO  cn.turingmoon.detectors.FlowHeaderDetector 40 pcIsLarge - Packet Count: 1 8.100446E-5
2016.09.20 at 17:21:54 CST INFO  cn.turingmoon.detectors.FlowHeaderDetector 40 pcIsLarge - Packet Count: 1 8.100446E-5
2016.09.20 at 17:21:54 CST INFO  cn.turingmoon.detectors.FlowHeaderDetector 40 pcIsLarge - Packet Count: 1 8.100446E-5
2016.09.20 at 17:21:54 CST INFO  cn.turingmoon.detectors.FlowHeaderDetector 40 pcIsLarge - Packet Count: 1 8.100446E-5
2016.09.20 at 17:21:54 CST INFO  cn.turingmoon.detectors.FlowHeaderDetector 40 pcIsLarge - Packet Count: 1 8.100446E-5
2016.09.20 at 17:21:54 CST INFO  cn.turingmoon.detectors.FlowHeaderDetector 40 pcIsLarge - Packet Count: 2 1.6200892E-4
2016.09.20 at 17:21:54 CST INFO  cn.turingmoon.detectors.FlowHeaderDetector 40 pcIsLarge - Packet Count: 3 2.4301336E-4
2016.09.20 at 17:21:54 CST INFO  cn.turingmoon.detectors.FlowHeaderDetector 40 pcIsLarge - Packet Count: 3 2.4301336E-4
2016.09.20 at 17:21:54 CST INFO  cn.turingmoon.detectors.FlowHeaderDetector 40 pcIsLarge - Packet Count: 3 2.4301336E-4
2016.09.20 at 17:21:54 CST INFO  cn.turingmoon.detectors.FlowHeaderDetector 40 pcIsLarge - Packet Count: 3 2.4301336E-4
2016.09.20 at 17:21:54 CST INFO  cn.turingmoon.detectors.FlowHeaderDetector 40 pcIsLarge - Packet Count: 2 1.6200892E-4
2016.09.20 at 17:21:54 CST INFO  cn.turingmoon.detectors.FlowHeaderDetector 40 pcIsLarge - Packet Count: 1 8.100446E-5
2016.09.20 at 17:21:54 CST INFO  cn.turingmoon.detectors.FlowHeaderDetector 40 pcIsLarge - Packet Count: 3 2.4301336E-4
2016.09.20 at 17:21:54 CST INFO  cn.turingmoon.detectors.FlowHeaderDetector 40 pcIsLarge - Packet Count: 1 8.100446E-5
2016.09.20 at 17:21:54 CST INFO  cn.turingmoon.detectors.FlowHeaderDetector 40 pcIsLarge - Packet Count: 2 1.6200892E-4
2016.09.20 at 17:21:54 CST INFO  cn.turingmoon.detectors.FlowHeaderDetector 40 pcIsLarge - Packet Count: 3 2.4301336E-4
2016.09.20 at 17:21:54 CST INFO  cn.turingmoon.detectors.FlowHeaderDetector 40 pcIsLarge - Packet Count: 1 8.100446E-5
2016.09.20 at 17:21:54 CST INFO  cn.turingmoon.detectors.FlowHeaderDetector 40 pcIsLarge - Packet Count: 2 1.6200892E-4
2016.09.20 at 17:21:54 CST INFO  cn.turingmoon.detectors.FlowHeaderDetector 40 pcIsLarge - Packet Count: 1 8.100446E-5
2016.09.20 at 17:21:54 CST INFO  cn.turingmoon.detectors.FlowHeaderDetector 40 pcIsLarge - Packet Count: 2 1.6200892E-4
2016.09.20 at 17:21:54 CST INFO  cn.turingmoon.detectors.FlowHeaderDetector 40 pcIsLarge - Packet Count: 4 3.2401783E-4
2016.09.20 at 17:21:54 CST INFO  cn.turingmoon.detectors.FlowHeaderDetector 40 pcIsLarge - Packet Count: 2 1.6200892E-4
2016.09.20 at 17:21:54 CST INFO  cn.turingmoon.detectors.FlowHeaderDetector 40 pcIsLarge - Packet Count: 2 1.6200892E-4
2016.09.20 at 17:21:54 CST INFO  cn.turingmoon.detectors.FlowHeaderDetector 40 pcIsLarge - Packet Count: 2 1.6200892E-4
2016.09.20 at 17:21:54 CST INFO  cn.turingmoon.detectors.FlowHeaderDetector 40 pcIsLarge - Packet Count: 2 1.6200892E-4
2016.09.20 at 17:21:54 CST INFO  cn.turingmoon.detectors.FlowHeaderDetector 40 pcIsLarge - Packet Count: 2 1.6200892E-4
2016.09.20 at 17:21:54 CST INFO  cn.turingmoon.detectors.FlowHeaderDetector 40 pcIsLarge - Packet Count: 2 1.6200892E-4
2016.09.20 at 17:21:54 CST INFO  cn.turingmoon.detectors.FlowHeaderDetector 40 pcIsLarge - Packet Count: 2 1.6200892E-4
2016.09.20 at 17:21:54 CST INFO  cn.turingmoon.detectors.FlowHeaderDetector 51 percentIsLarge - Packet Size / Packet Num: 552.0
2016.09.20 at 17:21:54 CST INFO  cn.turingmoon.detectors.FlowHeaderDetector 45 fsIsLarge - Flow Size: 4416 9.2099677E-4
2016.09.20 at 17:21:54 CST INFO  cn.turingmoon.detectors.FlowHeaderDetector 40 pcIsLarge - Packet Count: 4 3.2401783E-4
2016.09.20 at 17:21:54 CST INFO  cn.turingmoon.detectors.FlowHeaderDetector 40 pcIsLarge - Packet Count: 2 1.6200892E-4
2016.09.20 at 17:21:54 CST INFO  cn.turingmoon.detectors.FlowHeaderDetector 40 pcIsLarge - Packet Count: 8 6.4803567E-4
2016.09.20 at 17:21:54 CST INFO  cn.turingmoon.detectors.FlowHeaderDetector 40 pcIsLarge - Packet Count: 8 6.4803567E-4
2016.09.20 at 17:21:54 CST INFO  cn.turingmoon.detectors.FlowHeaderDetector 40 pcIsLarge - Packet Count: 4 3.2401783E-4
2016.09.20 at 17:21:54 CST INFO  cn.turingmoon.detectors.FlowHeaderDetector 40 pcIsLarge - Packet Count: 4 3.2401783E-4
2016.09.20 at 17:21:54 CST INFO  cn.turingmoon.detectors.FlowHeaderDetector 40 pcIsLarge - Packet Count: 4 3.2401783E-4
2016.09.20 at 17:21:54 CST INFO  cn.turingmoon.detectors.FlowHeaderDetector 40 pcIsLarge - Packet Count: 5 4.0502226E-4
2016.09.20 at 17:21:54 CST INFO  cn.turingmoon.detectors.FlowHeaderDetector 40 pcIsLarge - Packet Count: 4 3.2401783E-4
2016.09.20 at 17:21:54 CST INFO  cn.turingmoon.detectors.FlowHeaderDetector 40 pcIsLarge - Packet Count: 1 8.100446E-5
2016.09.20 at 17:21:54 CST INFO  cn.turingmoon.detectors.FlowHeaderDetector 40 pcIsLarge - Packet Count: 1 8.100446E-5
2016.09.20 at 17:21:54 CST INFO  cn.turingmoon.detectors.FlowHeaderDetector 40 pcIsLarge - Packet Count: 1 8.100446E-5
2016.09.20 at 17:21:54 CST INFO  cn.turingmoon.detectors.FlowHeaderDetector 40 pcIsLarge - Packet Count: 2 1.6200892E-4
2016.09.20 at 17:21:54 CST INFO  cn.turingmoon.detectors.FlowHeaderDetector 40 pcIsLarge - Packet Count: 1 8.100446E-5
2016.09.20 at 17:21:54 CST INFO  cn.turingmoon.detectors.FlowHeaderDetector 40 pcIsLarge - Packet Count: 1 8.100446E-5
2016.09.20 at 17:21:54 CST INFO  cn.turingmoon.detectors.FlowHeaderDetector 40 pcIsLarge - Packet Count: 4 3.2401783E-4
2016.09.20 at 17:21:54 CST INFO  cn.turingmoon.detectors.FlowHeaderDetector 40 pcIsLarge - Packet Count: 2 1.6200892E-4
2016.09.20 at 17:21:54 CST INFO  cn.turingmoon.detectors.FlowHeaderDetector 40 pcIsLarge - Packet Count: 3 2.4301336E-4
2016.09.20 at 17:21:54 CST INFO  cn.turingmoon.detectors.FlowHeaderDetector 40 pcIsLarge - Packet Count: 4 3.2401783E-4
2016.09.20 at 17:21:54 CST INFO  cn.turingmoon.detectors.FlowHeaderDetector 40 pcIsLarge - Packet Count: 2 1.6200892E-4
2016.09.20 at 17:21:54 CST INFO  cn.turingmoon.detectors.FlowHeaderDetector 40 pcIsLarge - Packet Count: 1 8.100446E-5
2016.09.20 at 17:21:54 CST INFO  cn.turingmoon.detectors.FlowHeaderDetector 40 pcIsLarge - Packet Count: 3 2.4301336E-4
2016.09.20 at 17:21:54 CST INFO  cn.turingmoon.detectors.FlowHeaderDetector 40 pcIsLarge - Packet Count: 3 2.4301336E-4
2016.09.20 at 17:21:54 CST INFO  cn.turingmoon.detectors.FlowHeaderDetector 40 pcIsLarge - Packet Count: 1 8.100446E-5
2016.09.20 at 17:21:54 CST INFO  cn.turingmoon.detectors.FlowHeaderDetector 40 pcIsLarge - Packet Count: 1 8.100446E-5
2016.09.20 at 17:21:54 CST INFO  cn.turingmoon.detectors.FlowHeaderDetector 40 pcIsLarge - Packet Count: 3 2.4301336E-4
2016.09.20 at 17:21:54 CST INFO  cn.turingmoon.detectors.FlowHeaderDetector 40 pcIsLarge - Packet Count: 3 2.4301336E-4
2016.09.20 at 17:21:54 CST INFO  cn.turingmoon.detectors.FlowHeaderDetector 40 pcIsLarge - Packet Count: 1 8.100446E-5
2016.09.20 at 17:21:54 CST INFO  cn.turingmoon.detectors.FlowHeaderDetector 40 pcIsLarge - Packet Count: 1 8.100446E-5
2016.09.20 at 17:21:54 CST INFO  cn.turingmoon.detectors.FlowHeaderDetector 40 pcIsLarge - Packet Count: 9 7.2904007E-4
2016.09.20 at 17:21:54 CST INFO  cn.turingmoon.detectors.FlowHeaderDetector 40 pcIsLarge - Packet Count: 6 4.8602672E-4
2016.09.20 at 17:21:54 CST INFO  cn.turingmoon.detectors.FlowHeaderDetector 40 pcIsLarge - Packet Count: 1 8.100446E-5
2016.09.20 at 17:21:54 CST INFO  cn.turingmoon.detectors.FlowHeaderDetector 40 pcIsLarge - Packet Count: 5 4.0502226E-4
2016.09.20 at 17:21:54 CST INFO  cn.turingmoon.detectors.FlowHeaderDetector 40 pcIsLarge - Packet Count: 4 3.2401783E-4
2016.09.20 at 17:21:54 CST INFO  cn.turingmoon.detectors.FlowHeaderDetector 40 pcIsLarge - Packet Count: 1 8.100446E-5
2016.09.20 at 17:21:54 CST INFO  cn.turingmoon.detectors.FlowHeaderDetector 40 pcIsLarge - Packet Count: 7 5.670312E-4
2016.09.20 at 17:21:54 CST INFO  cn.turingmoon.detectors.FlowHeaderDetector 40 pcIsLarge - Packet Count: 1 8.100446E-5
2016.09.20 at 17:21:54 CST INFO  cn.turingmoon.detectors.FlowHeaderDetector 40 pcIsLarge - Packet Count: 1 8.100446E-5
2016.09.20 at 17:21:54 CST INFO  cn.turingmoon.detectors.FlowHeaderDetector 40 pcIsLarge - Packet Count: 4 3.2401783E-4
2016.09.20 at 17:21:54 CST INFO  cn.turingmoon.detectors.FlowHeaderDetector 40 pcIsLarge - Packet Count: 3 2.4301336E-4
2016.09.20 at 17:21:54 CST INFO  cn.turingmoon.detectors.FlowHeaderDetector 40 pcIsLarge - Packet Count: 3 2.4301336E-4
2016.09.20 at 17:21:54 CST INFO  cn.turingmoon.detectors.FlowHeaderDetector 40 pcIsLarge - Packet Count: 1 8.100446E-5
2016.09.20 at 17:21:54 CST INFO  cn.turingmoon.detectors.FlowHeaderDetector 40 pcIsLarge - Packet Count: 3 2.4301336E-4
2016.09.20 at 17:21:54 CST INFO  cn.turingmoon.detectors.FlowHeaderDetector 40 pcIsLarge - Packet Count: 3 2.4301336E-4
2016.09.20 at 17:21:54 CST INFO  cn.turingmoon.detectors.FlowHeaderDetector 40 pcIsLarge - Packet Count: 1 8.100446E-5
2016.09.20 at 17:21:54 CST INFO  cn.turingmoon.detectors.FlowHeaderDetector 40 pcIsLarge - Packet Count: 3 2.4301336E-4
2016.09.20 at 17:21:54 CST INFO  cn.turingmoon.detectors.FlowHeaderDetector 40 pcIsLarge - Packet Count: 3 2.4301336E-4
2016.09.20 at 17:21:54 CST INFO  cn.turingmoon.detectors.FlowHeaderDetector 40 pcIsLarge - Packet Count: 1 8.100446E-5
2016.09.20 at 17:21:54 CST INFO  cn.turingmoon.detectors.FlowHeaderDetector 40 pcIsLarge - Packet Count: 1 8.100446E-5
2016.09.20 at 17:21:54 CST INFO  cn.turingmoon.detectors.FlowHeaderDetector 40 pcIsLarge - Packet Count: 1 8.100446E-5
2016.09.20 at 17:21:54 CST INFO  cn.turingmoon.detectors.FlowHeaderDetector 40 pcIsLarge - Packet Count: 9 7.2904007E-4
2016.09.20 at 17:21:54 CST INFO  cn.turingmoon.detectors.FlowHeaderDetector 143 lambda$run$0 - Flow Header Detect 2184 records
2016.09.20 at 17:21:56 CST INFO  cn.turingmoon.generators.FlowStore 35 lambda$run$0 - Flows Store .. 0 records
